17 Dec 2014 09:26:02; {"title": "17 Dec 2014 9:26 AM Razem 0", "pie_data": [["Oczekujące",0],["Aktywowane",0],["Pobierane",0],["Pobrane",0],["Wysłane",0],["Anulowane",0]]}
17 Dec 2014 09:26:29; PushPieComplete: OK Tile's data pushed successfully.

17 Dec 2014 09:26:29; [{"label": "0 (0 %)", "text": "Oczekujące", "description": ""},{"label": "0 (0 %)", "text": "Aktywowane", "description": ""},{"label": "0 (0 %)", "text": "Pobierane", "description": ""},{"label": "0 (0 %)", "text": "Pobrane", "description": ""},{"label": "0 (0 %)", "text": "Wysłane", "description": ""},{"label": "0 (0 %)", "text": "Anulowane", "description": ""}]
17 Dec 2014 09:26:32; FancyConfigComplete: OK Tile's config updated.

17 Dec 2014 09:26:34; PushFancyComplete: OK Tile's data pushed successfully.

17 Dec 2014 09:26:34; Unable to load the native components of SQL Server Compact corresponding to the ADO.NET provider of version 8080. Install the correct version of SQL Server Compact. Refer to KB article 974247 for more details.
17 Dec 2014 09:49:20; {"title": "17 Dec 2014 9:49 AM Razem 0", "pie_data": [["Oczekujące",0],["Aktywowane",0],["Pobierane",0],["Pobrane",0],["Wysłane",0],["Anulowane",0]]}
17 Dec 2014 09:49:20; PushPieComplete: OK Tile's data pushed successfully.

17 Dec 2014 09:49:20; [{"label": "0 (0 %)", "text": "Oczekujące", "description": ""},{"label": "0 (0 %)", "text": "Aktywowane", "description": ""},{"label": "0 (0 %)", "text": "Pobierane", "description": ""},{"label": "0 (0 %)", "text": "Pobrane", "description": ""},{"label": "0 (0 %)", "text": "Wysłane", "description": ""},{"label": "0 (0 %)", "text": "Anulowane", "description": ""}]
17 Dec 2014 09:49:20; FancyConfigComplete: OK Tile's config updated.

17 Dec 2014 09:49:20; PushFancyComplete: OK Tile's data pushed successfully.

17 Dec 2014 09:49:48; {"title": "17 Dec 2014 9:49 AM Razem 0", "pie_data": [["Oczekujące",0],["Aktywowane",0],["Pobierane",0],["Pobrane",0],["Wysłane",0],["Anulowane",0]]}
17 Dec 2014 09:49:48; PushPieComplete: OK Tile's data pushed successfully.

17 Dec 2014 09:49:48; [{"label": "0 (0 %)", "text": "Oczekujące", "description": ""},{"label": "0 (0 %)", "text": "Aktywowane", "description": ""},{"label": "0 (0 %)", "text": "Pobierane", "description": ""},{"label": "0 (0 %)", "text": "Pobrane", "description": ""},{"label": "0 (0 %)", "text": "Wysłane", "description": ""},{"label": "0 (0 %)", "text": "Anulowane", "description": ""}]
17 Dec 2014 09:49:48; FancyConfigComplete: OK Tile's config updated.

17 Dec 2014 09:49:48; PushFancyComplete: OK Tile's data pushed successfully.

17 Dec 2014 09:56:37; {"title": "17 Dec 2014 9:56 AM Razem 0", "pie_data": [["Oczekujące",0],["Aktywowane",0],["Pobierane",0],["Pobrane",0],["Wysłane",0],["Anulowane",0]]}
17 Dec 2014 09:56:37; PushPieComplete: OK Tile's data pushed successfully.

17 Dec 2014 09:56:37; [{"label": "0 (0 %)", "text": "Oczekujące", "description": ""},{"label": "0 (0 %)", "text": "Aktywowane", "description": ""},{"label": "0 (0 %)", "text": "Pobierane", "description": ""},{"label": "0 (0 %)", "text": "Pobrane", "description": ""},{"label": "0 (0 %)", "text": "Wysłane", "description": ""},{"label": "0 (0 %)", "text": "Anulowane", "description": ""}]
17 Dec 2014 09:56:37; FancyConfigComplete: OK Tile's config updated.

17 Dec 2014 09:56:37; PushFancyComplete: OK Tile's data pushed successfully.

17 Dec 2014 09:56:38; {"title": "17 Dec 2014 9:56 AM Razem 0", "pie_data": [["Oczekujące",0],["Aktywowane",0],["Pobierane",0],["Pobrane",0],["Wysłane",0],["Anulowane",0]]}
17 Dec 2014 09:56:38; PushPieComplete: OK Tile's data pushed successfully.

17 Dec 2014 09:56:38; [{"label": "0 (0 %)", "text": "Oczekujące", "description": ""},{"label": "0 (0 %)", "text": "Aktywowane", "description": ""},{"label": "0 (0 %)", "text": "Pobierane", "description": ""},{"label": "0 (0 %)", "text": "Pobrane", "description": ""},{"label": "0 (0 %)", "text": "Wysłane", "description": ""},{"label": "0 (0 %)", "text": "Anulowane", "description": ""}]
17 Dec 2014 09:56:38; FancyConfigComplete: OK Tile's config updated.

17 Dec 2014 09:56:38; PushFancyComplete: OK Tile's data pushed successfully.

17 Dec 2014 09:56:39; {"title": "17 Dec 2014 9:56 AM Razem 0", "pie_data": [["Oczekujące",0],["Aktywowane",0],["Pobierane",0],["Pobrane",0],["Wysłane",0],["Anulowane",0]]}
17 Dec 2014 09:56:39; PushPieComplete: OK Tile's data pushed successfully.

17 Dec 2014 09:56:39; [{"label": "0 (0 %)", "text": "Oczekujące", "description": ""},{"label": "0 (0 %)", "text": "Aktywowane", "description": ""},{"label": "0 (0 %)", "text": "Pobierane", "description": ""},{"label": "0 (0 %)", "text": "Pobrane", "description": ""},{"label": "0 (0 %)", "text": "Wysłane", "description": ""},{"label": "0 (0 %)", "text": "Anulowane", "description": ""}]
17 Dec 2014 09:56:39; FancyConfigComplete: OK Tile's config updated.

17 Dec 2014 09:56:39; PushFancyComplete: OK Tile's data pushed successfully.

17 Dec 2014 09:56:40; {"title": "17 Dec 2014 9:56 AM Razem 0", "pie_data": [["Oczekujące",0],["Aktywowane",0],["Pobierane",0],["Pobrane",0],["Wysłane",0],["Anulowane",0]]}
17 Dec 2014 09:56:40; PushPieComplete: OK Tile's data pushed successfully.

17 Dec 2014 09:56:40; [{"label": "0 (0 %)", "text": "Oczekujące", "description": ""},{"label": "0 (0 %)", "text": "Aktywowane", "description": ""},{"label": "0 (0 %)", "text": "Pobierane", "description": ""},{"label": "0 (0 %)", "text": "Pobrane", "description": ""},{"label": "0 (0 %)", "text": "Wysłane", "description": ""},{"label": "0 (0 %)", "text": "Anulowane", "description": ""}]
17 Dec 2014 09:56:40; FancyConfigComplete: OK Tile's config updated.

17 Dec 2014 09:56:40; PushFancyComplete: OK Tile's data pushed successfully.

17 Dec 2014 09:56:40; {"title": "17 Dec 2014 9:56 AM Razem 0", "pie_data": [["Oczekujące",0],["Aktywowane",0],["Pobierane",0],["Pobrane",0],["Wysłane",0],["Anulowane",0]]}
17 Dec 2014 09:56:40; PushPieComplete: OK Tile's data pushed successfully.

17 Dec 2014 09:56:40; [{"label": "0 (0 %)", "text": "Oczekujące", "description": ""},{"label": "0 (0 %)", "text": "Aktywowane", "description": ""},{"label": "0 (0 %)", "text": "Pobierane", "description": ""},{"label": "0 (0 %)", "text": "Pobrane", "description": ""},{"label": "0 (0 %)", "text": "Wysłane", "description": ""},{"label": "0 (0 %)", "text": "Anulowane", "description": ""}]
17 Dec 2014 09:56:40; FancyConfigComplete: OK Tile's config updated.

17 Dec 2014 09:56:40; PushFancyComplete: OK Tile's data pushed successfully.

17 Dec 2014 09:56:41; {"title": "17 Dec 2014 9:56 AM Razem 0", "pie_data": [["Oczekujące",0],["Aktywowane",0],["Pobierane",0],["Pobrane",0],["Wysłane",0],["Anulowane",0]]}
17 Dec 2014 09:56:41; PushPieComplete: OK Tile's data pushed successfully.

17 Dec 2014 09:56:41; [{"label": "0 (0 %)", "text": "Oczekujące", "description": ""},{"label": "0 (0 %)", "text": "Aktywowane", "description": ""},{"label": "0 (0 %)", "text": "Pobierane", "description": ""},{"label": "0 (0 %)", "text": "Pobrane", "description": ""},{"label": "0 (0 %)", "text": "Wysłane", "description": ""},{"label": "0 (0 %)", "text": "Anulowane", "description": ""}]
17 Dec 2014 09:56:41; FancyConfigComplete: OK Tile's config updated.

17 Dec 2014 09:56:41; PushFancyComplete: OK Tile's data pushed successfully.

17 Dec 2014 09:56:41; {"title": "17 Dec 2014 9:56 AM Razem 0", "pie_data": [["Oczekujące",0],["Aktywowane",0],["Pobierane",0],["Pobrane",0],["Wysłane",0],["Anulowane",0]]}
17 Dec 2014 09:56:41; PushPieComplete: OK Tile's data pushed successfully.

17 Dec 2014 09:56:41; [{"label": "0 (0 %)", "text": "Oczekujące", "description": ""},{"label": "0 (0 %)", "text": "Aktywowane", "description": ""},{"label": "0 (0 %)", "text": "Pobierane", "description": ""},{"label": "0 (0 %)", "text": "Pobrane", "description": ""},{"label": "0 (0 %)", "text": "Wysłane", "description": ""},{"label": "0 (0 %)", "text": "Anulowane", "description": ""}]
17 Dec 2014 09:56:41; FancyConfigComplete: OK Tile's config updated.

17 Dec 2014 09:56:41; PushFancyComplete: OK Tile's data pushed successfully.

17 Dec 2014 09:56:42; {"title": "17 Dec 2014 9:56 AM Razem 0", "pie_data": [["Oczekujące",0],["Aktywowane",0],["Pobierane",0],["Pobrane",0],["Wysłane",0],["Anulowane",0]]}
17 Dec 2014 09:56:42; PushPieComplete: OK Tile's data pushed successfully.

17 Dec 2014 09:56:42; [{"label": "0 (0 %)", "text": "Oczekujące", "description": ""},{"label": "0 (0 %)", "text": "Aktywowane", "description": ""},{"label": "0 (0 %)", "text": "Pobierane", "description": ""},{"label": "0 (0 %)", "text": "Pobrane", "description": ""},{"label": "0 (0 %)", "text": "Wysłane", "description": ""},{"label": "0 (0 %)", "text": "Anulowane", "description": ""}]
17 Dec 2014 09:56:42; FancyConfigComplete: OK Tile's config updated.

17 Dec 2014 09:56:42; PushFancyComplete: OK Tile's data pushed successfully.

17 Dec 2014 09:56:42; {"title": "17 Dec 2014 9:56 AM Razem 0", "pie_data": [["Oczekujące",0],["Aktywowane",0],["Pobierane",0],["Pobrane",0],["Wysłane",0],["Anulowane",0]]}
17 Dec 2014 09:56:42; PushPieComplete: OK Tile's data pushed successfully.

17 Dec 2014 09:56:42; [{"label": "0 (0 %)", "text": "Oczekujące", "description": ""},{"label": "0 (0 %)", "text": "Aktywowane", "description": ""},{"label": "0 (0 %)", "text": "Pobierane", "description": ""},{"label": "0 (0 %)", "text": "Pobrane", "description": ""},{"label": "0 (0 %)", "text": "Wysłane", "description": ""},{"label": "0 (0 %)", "text": "Anulowane", "description": ""}]
17 Dec 2014 09:56:42; FancyConfigComplete: OK Tile's config updated.

17 Dec 2014 09:56:42; PushFancyComplete: OK Tile's data pushed successfully.

17 Dec 2014 09:56:42; {"title": "17 Dec 2014 9:56 AM Razem 0", "pie_data": [["Oczekujące",0],["Aktywowane",0],["Pobierane",0],["Pobrane",0],["Wysłane",0],["Anulowane",0]]}
17 Dec 2014 09:56:42; PushPieComplete: OK Tile's data pushed successfully.

17 Dec 2014 09:56:42; [{"label": "0 (0 %)", "text": "Oczekujące", "description": ""},{"label": "0 (0 %)", "text": "Aktywowane", "description": ""},{"label": "0 (0 %)", "text": "Pobierane", "description": ""},{"label": "0 (0 %)", "text": "Pobrane", "description": ""},{"label": "0 (0 %)", "text": "Wysłane", "description": ""},{"label": "0 (0 %)", "text": "Anulowane", "description": ""}]
17 Dec 2014 09:56:43; FancyConfigComplete: OK Tile's config updated.

17 Dec 2014 09:56:43; PushFancyComplete: OK Tile's data pushed successfully.

17 Dec 2014 09:56:43; {"title": "17 Dec 2014 9:56 AM Razem 0", "pie_data": [["Oczekujące",0],["Aktywowane",0],["Pobierane",0],["Pobrane",0],["Wysłane",0],["Anulowane",0]]}
17 Dec 2014 09:56:43; PushPieComplete: OK Tile's data pushed successfully.

17 Dec 2014 09:56:43; [{"label": "0 (0 %)", "text": "Oczekujące", "description": ""},{"label": "0 (0 %)", "text": "Aktywowane", "description": ""},{"label": "0 (0 %)", "text": "Pobierane", "description": ""},{"label": "0 (0 %)", "text": "Pobrane", "description": ""},{"label": "0 (0 %)", "text": "Wysłane", "description": ""},{"label": "0 (0 %)", "text": "Anulowane", "description": ""}]
17 Dec 2014 09:56:43; FancyConfigComplete: OK Tile's config updated.

17 Dec 2014 09:56:43; PushFancyComplete: OK Tile's data pushed successfully.

17 Dec 2014 09:56:43; {"title": "17 Dec 2014 9:56 AM Razem 0", "pie_data": [["Oczekujące",0],["Aktywowane",0],["Pobierane",0],["Pobrane",0],["Wysłane",0],["Anulowane",0]]}
17 Dec 2014 09:56:43; PushPieComplete: OK Tile's data pushed successfully.

17 Dec 2014 09:56:43; [{"label": "0 (0 %)", "text": "Oczekujące", "description": ""},{"label": "0 (0 %)", "text": "Aktywowane", "description": ""},{"label": "0 (0 %)", "text": "Pobierane", "description": ""},{"label": "0 (0 %)", "text": "Pobrane", "description": ""},{"label": "0 (0 %)", "text": "Wysłane", "description": ""},{"label": "0 (0 %)", "text": "Anulowane", "description": ""}]
17 Dec 2014 09:56:43; FancyConfigComplete: OK Tile's config updated.

17 Dec 2014 09:56:43; PushFancyComplete: OK Tile's data pushed successfully.

17 Dec 2014 09:56:43; {"title": "17 Dec 2014 9:56 AM Razem 0", "pie_data": [["Oczekujące",0],["Aktywowane",0],["Pobierane",0],["Pobrane",0],["Wysłane",0],["Anulowane",0]]}
17 Dec 2014 09:56:43; PushPieComplete: OK Tile's data pushed successfully.

17 Dec 2014 09:56:43; [{"label": "0 (0 %)", "text": "Oczekujące", "description": ""},{"label": "0 (0 %)", "text": "Aktywowane", "description": ""},{"label": "0 (0 %)", "text": "Pobierane", "description": ""},{"label": "0 (0 %)", "text": "Pobrane", "description": ""},{"label": "0 (0 %)", "text": "Wysłane", "description": ""},{"label": "0 (0 %)", "text": "Anulowane", "description": ""}]
17 Dec 2014 09:56:43; FancyConfigComplete: OK Tile's config updated.

17 Dec 2014 09:56:43; PushFancyComplete: OK Tile's data pushed successfully.

17 Dec 2014 09:56:43; {"title": "17 Dec 2014 9:56 AM Razem 0", "pie_data": [["Oczekujące",0],["Aktywowane",0],["Pobierane",0],["Pobrane",0],["Wysłane",0],["Anulowane",0]]}
17 Dec 2014 09:56:43; PushPieComplete: OK Tile's data pushed successfully.

17 Dec 2014 09:56:43; [{"label": "0 (0 %)", "text": "Oczekujące", "description": ""},{"label": "0 (0 %)", "text": "Aktywowane", "description": ""},{"label": "0 (0 %)", "text": "Pobierane", "description": ""},{"label": "0 (0 %)", "text": "Pobrane", "description": ""},{"label": "0 (0 %)", "text": "Wysłane", "description": ""},{"label": "0 (0 %)", "text": "Anulowane", "description": ""}]
17 Dec 2014 09:56:43; FancyConfigComplete: OK Tile's config updated.

17 Dec 2014 09:56:43; {"title": "17 Dec 2014 9:56 AM Razem 0", "pie_data": [["Oczekujące",0],["Aktywowane",0],["Pobierane",0],["Pobrane",0],["Wysłane",0],["Anulowane",0]]}
17 Dec 2014 09:56:43; PushFancyComplete: OK Tile's data pushed successfully.

17 Dec 2014 09:56:43; PushPieComplete: OK Tile's data pushed successfully.

17 Dec 2014 09:56:43; [{"label": "0 (0 %)", "text": "Oczekujące", "description": ""},{"label": "0 (0 %)", "text": "Aktywowane", "description": ""},{"label": "0 (0 %)", "text": "Pobierane", "description": ""},{"label": "0 (0 %)", "text": "Pobrane", "description": ""},{"label": "0 (0 %)", "text": "Wysłane", "description": ""},{"label": "0 (0 %)", "text": "Anulowane", "description": ""}]
17 Dec 2014 09:56:43; FancyConfigComplete: OK Tile's config updated.

17 Dec 2014 09:56:43; PushFancyComplete: OK Tile's data pushed successfully.

17 Dec 2014 09:56:43; {"title": "17 Dec 2014 9:56 AM Razem 0", "pie_data": [["Oczekujące",0],["Aktywowane",0],["Pobierane",0],["Pobrane",0],["Wysłane",0],["Anulowane",0]]}
17 Dec 2014 09:56:43; PushPieComplete: OK Tile's data pushed successfully.

17 Dec 2014 09:56:43; [{"label": "0 (0 %)", "text": "Oczekujące", "description": ""},{"label": "0 (0 %)", "text": "Aktywowane", "description": ""},{"label": "0 (0 %)", "text": "Pobierane", "description": ""},{"label": "0 (0 %)", "text": "Pobrane", "description": ""},{"label": "0 (0 %)", "text": "Wysłane", "description": ""},{"label": "0 (0 %)", "text": "Anulowane", "description": ""}]
17 Dec 2014 09:56:43; FancyConfigComplete: OK Tile's config updated.

17 Dec 2014 09:56:44; PushFancyComplete: OK Tile's data pushed successfully.

17 Dec 2014 09:56:44; {"title": "17 Dec 2014 9:56 AM Razem 0", "pie_data": [["Oczekujące",0],["Aktywowane",0],["Pobierane",0],["Pobrane",0],["Wysłane",0],["Anulowane",0]]}
17 Dec 2014 09:56:44; PushPieComplete: OK Tile's data pushed successfully.

17 Dec 2014 09:56:44; [{"label": "0 (0 %)", "text": "Oczekujące", "description": ""},{"label": "0 (0 %)", "text": "Aktywowane", "description": ""},{"label": "0 (0 %)", "text": "Pobierane", "description": ""},{"label": "0 (0 %)", "text": "Pobrane", "description": ""},{"label": "0 (0 %)", "text": "Wysłane", "description": ""},{"label": "0 (0 %)", "text": "Anulowane", "description": ""}]
17 Dec 2014 09:56:44; FancyConfigComplete: OK Tile's config updated.

17 Dec 2014 09:56:44; PushFancyComplete: OK Tile's data pushed successfully.

17 Dec 2014 09:56:44; {"title": "17 Dec 2014 9:56 AM Razem 0", "pie_data": [["Oczekujące",0],["Aktywowane",0],["Pobierane",0],["Pobrane",0],["Wysłane",0],["Anulowane",0]]}
17 Dec 2014 09:56:44; PushPieComplete: OK Tile's data pushed successfully.

17 Dec 2014 09:56:44; [{"label": "0 (0 %)", "text": "Oczekujące", "description": ""},{"label": "0 (0 %)", "text": "Aktywowane", "description": ""},{"label": "0 (0 %)", "text": "Pobierane", "description": ""},{"label": "0 (0 %)", "text": "Pobrane", "description": ""},{"label": "0 (0 %)", "text": "Wysłane", "description": ""},{"label": "0 (0 %)", "text": "Anulowane", "description": ""}]
17 Dec 2014 09:56:44; FancyConfigComplete: OK Tile's config updated.

17 Dec 2014 09:56:44; PushFancyComplete: OK Tile's data pushed successfully.

17 Dec 2014 09:56:44; {"title": "17 Dec 2014 9:56 AM Razem 0", "pie_data": [["Oczekujące",0],["Aktywowane",0],["Pobierane",0],["Pobrane",0],["Wysłane",0],["Anulowane",0]]}
17 Dec 2014 09:56:44; PushPieComplete: OK Tile's data pushed successfully.

17 Dec 2014 09:56:44; [{"label": "0 (0 %)", "text": "Oczekujące", "description": ""},{"label": "0 (0 %)", "text": "Aktywowane", "description": ""},{"label": "0 (0 %)", "text": "Pobierane", "description": ""},{"label": "0 (0 %)", "text": "Pobrane", "description": ""},{"label": "0 (0 %)", "text": "Wysłane", "description": ""},{"label": "0 (0 %)", "text": "Anulowane", "description": ""}]
17 Dec 2014 09:56:44; FancyConfigComplete: OK Tile's config updated.

17 Dec 2014 09:56:44; PushFancyComplete: OK Tile's data pushed successfully.

17 Dec 2014 09:56:44; {"title": "17 Dec 2014 9:56 AM Razem 0", "pie_data": [["Oczekujące",0],["Aktywowane",0],["Pobierane",0],["Pobrane",0],["Wysłane",0],["Anulowane",0]]}
17 Dec 2014 09:56:44; PushPieComplete: OK Tile's data pushed successfully.

17 Dec 2014 09:56:44; [{"label": "0 (0 %)", "text": "Oczekujące", "description": ""},{"label": "0 (0 %)", "text": "Aktywowane", "description": ""},{"label": "0 (0 %)", "text": "Pobierane", "description": ""},{"label": "0 (0 %)", "text": "Pobrane", "description": ""},{"label": "0 (0 %)", "text": "Wysłane", "description": ""},{"label": "0 (0 %)", "text": "Anulowane", "description": ""}]
17 Dec 2014 09:56:44; FancyConfigComplete: OK Tile's config updated.

17 Dec 2014 09:56:44; PushFancyComplete: OK Tile's data pushed successfully.

17 Dec 2014 09:56:44; {"title": "17 Dec 2014 9:56 AM Razem 0", "pie_data": [["Oczekujące",0],["Aktywowane",0],["Pobierane",0],["Pobrane",0],["Wysłane",0],["Anulowane",0]]}
17 Dec 2014 09:56:44; PushPieComplete: OK Tile's data pushed successfully.

17 Dec 2014 09:56:44; [{"label": "0 (0 %)", "text": "Oczekujące", "description": ""},{"label": "0 (0 %)", "text": "Aktywowane", "description": ""},{"label": "0 (0 %)", "text": "Pobierane", "description": ""},{"label": "0 (0 %)", "text": "Pobrane", "description": ""},{"label": "0 (0 %)", "text": "Wysłane", "description": ""},{"label": "0 (0 %)", "text": "Anulowane", "description": ""}]
17 Dec 2014 09:56:44; FancyConfigComplete: OK Tile's config updated.

17 Dec 2014 09:56:44; PushFancyComplete: OK Tile's data pushed successfully.

17 Dec 2014 09:56:44; {"title": "17 Dec 2014 9:56 AM Razem 0", "pie_data": [["Oczekujące",0],["Aktywowane",0],["Pobierane",0],["Pobrane",0],["Wysłane",0],["Anulowane",0]]}
17 Dec 2014 09:56:44; PushPieComplete: OK Tile's data pushed successfully.

17 Dec 2014 09:56:44; [{"label": "0 (0 %)", "text": "Oczekujące", "description": ""},{"label": "0 (0 %)", "text": "Aktywowane", "description": ""},{"label": "0 (0 %)", "text": "Pobierane", "description": ""},{"label": "0 (0 %)", "text": "Pobrane", "description": ""},{"label": "0 (0 %)", "text": "Wysłane", "description": ""},{"label": "0 (0 %)", "text": "Anulowane", "description": ""}]
17 Dec 2014 09:56:44; FancyConfigComplete: OK Tile's config updated.

17 Dec 2014 09:56:44; PushFancyComplete: OK Tile's data pushed successfully.

17 Dec 2014 09:56:44; {"title": "17 Dec 2014 9:56 AM Razem 0", "pie_data": [["Oczekujące",0],["Aktywowane",0],["Pobierane",0],["Pobrane",0],["Wysłane",0],["Anulowane",0]]}
17 Dec 2014 09:56:44; PushPieComplete: OK Tile's data pushed successfully.

17 Dec 2014 09:56:44; [{"label": "0 (0 %)", "text": "Oczekujące", "description": ""},{"label": "0 (0 %)", "text": "Aktywowane", "description": ""},{"label": "0 (0 %)", "text": "Pobierane", "description": ""},{"label": "0 (0 %)", "text": "Pobrane", "description": ""},{"label": "0 (0 %)", "text": "Wysłane", "description": ""},{"label": "0 (0 %)", "text": "Anulowane", "description": ""}]
17 Dec 2014 09:56:45; FancyConfigComplete: OK Tile's config updated.

17 Dec 2014 09:56:45; PushFancyComplete: OK Tile's data pushed successfully.

17 Dec 2014 09:56:45; {"title": "17 Dec 2014 9:56 AM Razem 0", "pie_data": [["Oczekujące",0],["Aktywowane",0],["Pobierane",0],["Pobrane",0],["Wysłane",0],["Anulowane",0]]}
17 Dec 2014 09:56:45; PushPieComplete: OK Tile's data pushed successfully.

17 Dec 2014 09:56:45; [{"label": "0 (0 %)", "text": "Oczekujące", "description": ""},{"label": "0 (0 %)", "text": "Aktywowane", "description": ""},{"label": "0 (0 %)", "text": "Pobierane", "description": ""},{"label": "0 (0 %)", "text": "Pobrane", "description": ""},{"label": "0 (0 %)", "text": "Wysłane", "description": ""},{"label": "0 (0 %)", "text": "Anulowane", "description": ""}]
17 Dec 2014 09:56:45; FancyConfigComplete: OK Tile's config updated.

17 Dec 2014 09:56:45; PushFancyComplete: OK Tile's data pushed successfully.

17 Dec 2014 09:56:45; {"title": "17 Dec 2014 9:56 AM Razem 0", "pie_data": [["Oczekujące",0],["Aktywowane",0],["Pobierane",0],["Pobrane",0],["Wysłane",0],["Anulowane",0]]}
17 Dec 2014 09:56:45; PushPieComplete: OK Tile's data pushed successfully.

17 Dec 2014 09:56:45; [{"label": "0 (0 %)", "text": "Oczekujące", "description": ""},{"label": "0 (0 %)", "text": "Aktywowane", "description": ""},{"label": "0 (0 %)", "text": "Pobierane", "description": ""},{"label": "0 (0 %)", "text": "Pobrane", "description": ""},{"label": "0 (0 %)", "text": "Wysłane", "description": ""},{"label": "0 (0 %)", "text": "Anulowane", "description": ""}]
17 Dec 2014 09:56:45; FancyConfigComplete: OK Tile's config updated.

17 Dec 2014 09:56:45; PushFancyComplete: OK Tile's data pushed successfully.

17 Dec 2014 09:56:45; {"title": "17 Dec 2014 9:56 AM Razem 0", "pie_data": [["Oczekujące",0],["Aktywowane",0],["Pobierane",0],["Pobrane",0],["Wysłane",0],["Anulowane",0]]}
17 Dec 2014 09:56:45; PushPieComplete: OK Tile's data pushed successfully.

17 Dec 2014 09:56:45; [{"label": "0 (0 %)", "text": "Oczekujące", "description": ""},{"label": "0 (0 %)", "text": "Aktywowane", "description": ""},{"label": "0 (0 %)", "text": "Pobierane", "description": ""},{"label": "0 (0 %)", "text": "Pobrane", "description": ""},{"label": "0 (0 %)", "text": "Wysłane", "description": ""},{"label": "0 (0 %)", "text": "Anulowane", "description": ""}]
17 Dec 2014 09:56:45; FancyConfigComplete: OK Tile's config updated.

17 Dec 2014 09:56:45; PushFancyComplete: OK Tile's data pushed successfully.

17 Dec 2014 09:56:45; {"title": "17 Dec 2014 9:56 AM Razem 0", "pie_data": [["Oczekujące",0],["Aktywowane",0],["Pobierane",0],["Pobrane",0],["Wysłane",0],["Anulowane",0]]}
17 Dec 2014 09:56:45; PushPieComplete: OK Tile's data pushed successfully.

17 Dec 2014 09:56:45; [{"label": "0 (0 %)", "text": "Oczekujące", "description": ""},{"label": "0 (0 %)", "text": "Aktywowane", "description": ""},{"label": "0 (0 %)", "text": "Pobierane", "description": ""},{"label": "0 (0 %)", "text": "Pobrane", "description": ""},{"label": "0 (0 %)", "text": "Wysłane", "description": ""},{"label": "0 (0 %)", "text": "Anulowane", "description": ""}]
17 Dec 2014 09:56:45; FancyConfigComplete: OK Tile's config updated.

17 Dec 2014 09:56:45; PushFancyComplete: OK Tile's data pushed successfully.

17 Dec 2014 09:56:45; {"title": "17 Dec 2014 9:56 AM Razem 0", "pie_data": [["Oczekujące",0],["Aktywowane",0],["Pobierane",0],["Pobrane",0],["Wysłane",0],["Anulowane",0]]}
17 Dec 2014 09:56:45; PushPieComplete: OK Tile's data pushed successfully.

17 Dec 2014 09:56:45; [{"label": "0 (0 %)", "text": "Oczekujące", "description": ""},{"label": "0 (0 %)", "text": "Aktywowane", "description": ""},{"label": "0 (0 %)", "text": "Pobierane", "description": ""},{"label": "0 (0 %)", "text": "Pobrane", "description": ""},{"label": "0 (0 %)", "text": "Wysłane", "description": ""},{"label": "0 (0 %)", "text": "Anulowane", "description": ""}]
17 Dec 2014 09:56:45; FancyConfigComplete: OK Tile's config updated.

17 Dec 2014 09:56:45; PushFancyComplete: OK Tile's data pushed successfully.

17 Dec 2014 09:56:45; {"title": "17 Dec 2014 9:56 AM Razem 0", "pie_data": [["Oczekujące",0],["Aktywowane",0],["Pobierane",0],["Pobrane",0],["Wysłane",0],["Anulowane",0]]}
17 Dec 2014 09:56:45; PushPieComplete: OK Tile's data pushed successfully.

17 Dec 2014 09:56:45; [{"label": "0 (0 %)", "text": "Oczekujące", "description": ""},{"label": "0 (0 %)", "text": "Aktywowane", "description": ""},{"label": "0 (0 %)", "text": "Pobierane", "description": ""},{"label": "0 (0 %)", "text": "Pobrane", "description": ""},{"label": "0 (0 %)", "text": "Wysłane", "description": ""},{"label": "0 (0 %)", "text": "Anulowane", "description": ""}]
17 Dec 2014 09:56:45; FancyConfigComplete: OK Tile's config updated.

17 Dec 2014 09:56:45; PushFancyComplete: OK Tile's data pushed successfully.

17 Dec 2014 09:56:45; {"title": "17 Dec 2014 9:56 AM Razem 0", "pie_data": [["Oczekujące",0],["Aktywowane",0],["Pobierane",0],["Pobrane",0],["Wysłane",0],["Anulowane",0]]}
17 Dec 2014 09:56:46; PushPieComplete: OK Tile's data pushed successfully.

17 Dec 2014 09:56:46; [{"label": "0 (0 %)", "text": "Oczekujące", "description": ""},{"label": "0 (0 %)", "text": "Aktywowane", "description": ""},{"label": "0 (0 %)", "text": "Pobierane", "description": ""},{"label": "0 (0 %)", "text": "Pobrane", "description": ""},{"label": "0 (0 %)", "text": "Wysłane", "description": ""},{"label": "0 (0 %)", "text": "Anulowane", "description": ""}]
17 Dec 2014 09:56:46; FancyConfigComplete: OK Tile's config updated.

17 Dec 2014 09:56:46; PushFancyComplete: OK Tile's data pushed successfully.

17 Dec 2014 09:56:46; {"title": "17 Dec 2014 9:56 AM Razem 0", "pie_data": [["Oczekujące",0],["Aktywowane",0],["Pobierane",0],["Pobrane",0],["Wysłane",0],["Anulowane",0]]}
17 Dec 2014 09:56:46; PushPieComplete: OK Tile's data pushed successfully.

17 Dec 2014 09:56:46; [{"label": "0 (0 %)", "text": "Oczekujące", "description": ""},{"label": "0 (0 %)", "text": "Aktywowane", "description": ""},{"label": "0 (0 %)", "text": "Pobierane", "description": ""},{"label": "0 (0 %)", "text": "Pobrane", "description": ""},{"label": "0 (0 %)", "text": "Wysłane", "description": ""},{"label": "0 (0 %)", "text": "Anulowane", "description": ""}]
17 Dec 2014 09:56:46; FancyConfigComplete: OK Tile's config updated.

17 Dec 2014 09:56:46; PushFancyComplete: OK Tile's data pushed successfully.

17 Dec 2014 09:56:46; {"title": "17 Dec 2014 9:56 AM Razem 0", "pie_data": [["Oczekujące",0],["Aktywowane",0],["Pobierane",0],["Pobrane",0],["Wysłane",0],["Anulowane",0]]}
17 Dec 2014 09:56:46; PushPieComplete: OK Tile's data pushed successfully.

17 Dec 2014 09:56:46; [{"label": "0 (0 %)", "text": "Oczekujące", "description": ""},{"label": "0 (0 %)", "text": "Aktywowane", "description": ""},{"label": "0 (0 %)", "text": "Pobierane", "description": ""},{"label": "0 (0 %)", "text": "Pobrane", "description": ""},{"label": "0 (0 %)", "text": "Wysłane", "description": ""},{"label": "0 (0 %)", "text": "Anulowane", "description": ""}]
17 Dec 2014 09:56:46; FancyConfigComplete: OK Tile's config updated.

17 Dec 2014 09:56:46; {"title": "17 Dec 2014 9:56 AM Razem 0", "pie_data": [["Oczekujące",0],["Aktywowane",0],["Pobierane",0],["Pobrane",0],["Wysłane",0],["Anulowane",0]]}
17 Dec 2014 09:56:46; PushFancyComplete: OK Tile's data pushed successfully.

17 Dec 2014 09:56:46; PushPieComplete: OK Tile's data pushed successfully.

17 Dec 2014 09:56:46; [{"label": "0 (0 %)", "text": "Oczekujące", "description": ""},{"label": "0 (0 %)", "text": "Aktywowane", "description": ""},{"label": "0 (0 %)", "text": "Pobierane", "description": ""},{"label": "0 (0 %)", "text": "Pobrane", "description": ""},{"label": "0 (0 %)", "text": "Wysłane", "description": ""},{"label": "0 (0 %)", "text": "Anulowane", "description": ""}]
17 Dec 2014 09:56:46; FancyConfigComplete: OK Tile's config updated.

17 Dec 2014 09:56:46; PushFancyComplete: OK Tile's data pushed successfully.

17 Dec 2014 09:56:46; {"title": "17 Dec 2014 9:56 AM Razem 0", "pie_data": [["Oczekujące",0],["Aktywowane",0],["Pobierane",0],["Pobrane",0],["Wysłane",0],["Anulowane",0]]}
17 Dec 2014 09:56:46; PushPieComplete: OK Tile's data pushed successfully.

17 Dec 2014 09:56:46; [{"label": "0 (0 %)", "text": "Oczekujące", "description": ""},{"label": "0 (0 %)", "text": "Aktywowane", "description": ""},{"label": "0 (0 %)", "text": "Pobierane", "description": ""},{"label": "0 (0 %)", "text": "Pobrane", "description": ""},{"label": "0 (0 %)", "text": "Wysłane", "description": ""},{"label": "0 (0 %)", "text": "Anulowane", "description": ""}]
17 Dec 2014 09:56:46; FancyConfigComplete: OK Tile's config updated.

17 Dec 2014 09:56:46; PushFancyComplete: OK Tile's data pushed successfully.

17 Dec 2014 09:56:46; {"title": "17 Dec 2014 9:56 AM Razem 0", "pie_data": [["Oczekujące",0],["Aktywowane",0],["Pobierane",0],["Pobrane",0],["Wysłane",0],["Anulowane",0]]}
17 Dec 2014 09:56:46; PushPieComplete: OK Tile's data pushed successfully.

17 Dec 2014 09:56:46; [{"label": "0 (0 %)", "text": "Oczekujące", "description": ""},{"label": "0 (0 %)", "text": "Aktywowane", "description": ""},{"label": "0 (0 %)", "text": "Pobierane", "description": ""},{"label": "0 (0 %)", "text": "Pobrane", "description": ""},{"label": "0 (0 %)", "text": "Wysłane", "description": ""},{"label": "0 (0 %)", "text": "Anulowane", "description": ""}]
17 Dec 2014 09:56:46; FancyConfigComplete: OK Tile's config updated.

17 Dec 2014 09:56:46; PushFancyComplete: OK Tile's data pushed successfully.

17 Dec 2014 09:56:46; {"title": "17 Dec 2014 9:56 AM Razem 0", "pie_data": [["Oczekujące",0],["Aktywowane",0],["Pobierane",0],["Pobrane",0],["Wysłane",0],["Anulowane",0]]}
17 Dec 2014 09:56:46; PushPieComplete: OK Tile's data pushed successfully.

17 Dec 2014 09:56:46; [{"label": "0 (0 %)", "text": "Oczekujące", "description": ""},{"label": "0 (0 %)", "text": "Aktywowane", "description": ""},{"label": "0 (0 %)", "text": "Pobierane", "description": ""},{"label": "0 (0 %)", "text": "Pobrane", "description": ""},{"label": "0 (0 %)", "text": "Wysłane", "description": ""},{"label": "0 (0 %)", "text": "Anulowane", "description": ""}]
17 Dec 2014 09:56:46; FancyConfigComplete: OK Tile's config updated.

17 Dec 2014 09:56:46; PushFancyComplete: OK Tile's data pushed successfully.

17 Dec 2014 09:59:37; {"title": "17 Dec 2014 9:59 AM Razem 0", "pie_data": [["Oczekujące",0],["Aktywowane",0],["Pobierane",0],["Pobrane",0],["Wysłane",0],["Anulowane",0]]}
17 Dec 2014 09:59:37; PushPieComplete: OK Tile's data pushed successfully.

17 Dec 2014 09:59:37; [{"label": "0 (0 %)", "text": "Oczekujące", "description": ""},{"label": "0 (0 %)", "text": "Aktywowane", "description": ""},{"label": "0 (0 %)", "text": "Pobierane", "description": ""},{"label": "0 (0 %)", "text": "Pobrane", "description": ""},{"label": "0 (0 %)", "text": "Wysłane", "description": ""},{"label": "0 (0 %)", "text": "Anulowane", "description": ""}]
17 Dec 2014 09:59:37; FancyConfigComplete: OK Tile's config updated.

17 Dec 2014 09:59:37; PushFancyComplete: OK Tile's data pushed successfully.

17 Dec 2014 09:59:38; {"title": "17 Dec 2014 9:59 AM Razem 0", "pie_data": [["Oczekujące",0],["Aktywowane",0],["Pobierane",0],["Pobrane",0],["Wysłane",0],["Anulowane",0]]}
17 Dec 2014 09:59:38; PushPieComplete: OK Tile's data pushed successfully.

17 Dec 2014 09:59:38; [{"label": "0 (0 %)", "text": "Oczekujące", "description": ""},{"label": "0 (0 %)", "text": "Aktywowane", "description": ""},{"label": "0 (0 %)", "text": "Pobierane", "description": ""},{"label": "0 (0 %)", "text": "Pobrane", "description": ""},{"label": "0 (0 %)", "text": "Wysłane", "description": ""},{"label": "0 (0 %)", "text": "Anulowane", "description": ""}]
17 Dec 2014 09:59:38; FancyConfigComplete: OK Tile's config updated.

17 Dec 2014 09:59:39; PushFancyComplete: OK Tile's data pushed successfully.

17 Dec 2014 09:59:39; {"title": "17 Dec 2014 9:59 AM Razem 0", "pie_data": [["Oczekujące",0],["Aktywowane",0],["Pobierane",0],["Pobrane",0],["Wysłane",0],["Anulowane",0]]}
17 Dec 2014 09:59:39; PushPieComplete: OK Tile's data pushed successfully.

17 Dec 2014 09:59:39; [{"label": "0 (0 %)", "text": "Oczekujące", "description": ""},{"label": "0 (0 %)", "text": "Aktywowane", "description": ""},{"label": "0 (0 %)", "text": "Pobierane", "description": ""},{"label": "0 (0 %)", "text": "Pobrane", "description": ""},{"label": "0 (0 %)", "text": "Wysłane", "description": ""},{"label": "0 (0 %)", "text": "Anulowane", "description": ""}]
17 Dec 2014 09:59:39; FancyConfigComplete: OK Tile's config updated.

17 Dec 2014 09:59:39; PushFancyComplete: OK Tile's data pushed successfully.

17 Dec 2014 09:59:40; {"title": "17 Dec 2014 9:59 AM Razem 0", "pie_data": [["Oczekujące",0],["Aktywowane",0],["Pobierane",0],["Pobrane",0],["Wysłane",0],["Anulowane",0]]}
17 Dec 2014 09:59:40; PushPieComplete: OK Tile's data pushed successfully.

17 Dec 2014 09:59:40; [{"label": "0 (0 %)", "text": "Oczekujące", "description": ""},{"label": "0 (0 %)", "text": "Aktywowane", "description": ""},{"label": "0 (0 %)", "text": "Pobierane", "description": ""},{"label": "0 (0 %)", "text": "Pobrane", "description": ""},{"label": "0 (0 %)", "text": "Wysłane", "description": ""},{"label": "0 (0 %)", "text": "Anulowane", "description": ""}]
17 Dec 2014 09:59:40; FancyConfigComplete: OK Tile's config updated.

17 Dec 2014 09:59:40; PushFancyComplete: OK Tile's data pushed successfully.

17 Dec 2014 09:59:40; {"title": "17 Dec 2014 9:59 AM Razem 0", "pie_data": [["Oczekujące",0],["Aktywowane",0],["Pobierane",0],["Pobrane",0],["Wysłane",0],["Anulowane",0]]}
17 Dec 2014 09:59:40; PushPieComplete: OK Tile's data pushed successfully.

17 Dec 2014 09:59:40; [{"label": "0 (0 %)", "text": "Oczekujące", "description": ""},{"label": "0 (0 %)", "text": "Aktywowane", "description": ""},{"label": "0 (0 %)", "text": "Pobierane", "description": ""},{"label": "0 (0 %)", "text": "Pobrane", "description": ""},{"label": "0 (0 %)", "text": "Wysłane", "description": ""},{"label": "0 (0 %)", "text": "Anulowane", "description": ""}]
17 Dec 2014 09:59:40; FancyConfigComplete: OK Tile's config updated.

17 Dec 2014 09:59:40; PushFancyComplete: OK Tile's data pushed successfully.

