18 Dec 2014 15:42:07; {"title": "18 Dec 2014 3:42 PM Razem 0", "pie_data": [["Oczekujące",0],["Aktywowane",0],["Pobierane",0],["Pobrane",0],["Wysłane",0],["Anulowane",0]]}
18 Dec 2014 15:42:08; PushPieComplete: OK Tile's data pushed successfully.

18 Dec 2014 15:42:08; [{"label": "0 (0 %)", "text": "Oczekujące", "description": ""},{"label": "0 (0 %)", "text": "Aktywowane", "description": ""},{"label": "0 (0 %)", "text": "Pobierane", "description": ""},{"label": "0 (0 %)", "text": "Pobrane", "description": ""},{"label": "0 (0 %)", "text": "Wysłane", "description": ""},{"label": "0 (0 %)", "text": "Anulowane", "description": ""}]
18 Dec 2014 15:42:08; FancyConfigComplete: OK Tile's config updated.

18 Dec 2014 15:42:08; PushFancyComplete: OK Tile's data pushed successfully.

18 Dec 2014 16:16:55; {"title": "18 Dec 2014 4:16 PM Razem 0", "pie_data": [["Oczekujące",0],["Aktywowane",0],["Pobierane",0],["Pobrane",0],["Wysłane",0],["Anulowane",0]]}
18 Dec 2014 16:16:55; PushPieComplete: OK Tile's data pushed successfully.

18 Dec 2014 16:16:55; [{"label": "0 (0 %)", "text": "Oczekujące", "description": ""},{"label": "0 (0 %)", "text": "Aktywowane", "description": ""},{"label": "0 (0 %)", "text": "Pobierane", "description": ""},{"label": "0 (0 %)", "text": "Pobrane", "description": ""},{"label": "0 (0 %)", "text": "Wysłane", "description": ""},{"label": "0 (0 %)", "text": "Anulowane", "description": ""}]
18 Dec 2014 16:16:55; FancyConfigComplete: OK Tile's config updated.

18 Dec 2014 16:16:56; PushFancyComplete: OK Tile's data pushed successfully.

18 Dec 2014 16:16:59; {"title": "18 Dec 2014 4:16 PM Razem 0", "pie_data": [["Oczekujące",0],["Aktywowane",0],["Pobierane",0],["Pobrane",0],["Wysłane",0],["Anulowane",0]]}
18 Dec 2014 16:16:59; PushPieComplete: OK Tile's data pushed successfully.

18 Dec 2014 16:16:59; [{"label": "0 (0 %)", "text": "Oczekujące", "description": ""},{"label": "0 (0 %)", "text": "Aktywowane", "description": ""},{"label": "0 (0 %)", "text": "Pobierane", "description": ""},{"label": "0 (0 %)", "text": "Pobrane", "description": ""},{"label": "0 (0 %)", "text": "Wysłane", "description": ""},{"label": "0 (0 %)", "text": "Anulowane", "description": ""}]
18 Dec 2014 16:16:59; FancyConfigComplete: OK Tile's config updated.

18 Dec 2014 16:16:59; PushFancyComplete: OK Tile's data pushed successfully.

18 Dec 2014 16:17:19; {"title": "18 Dec 2014 4:17 PM Razem 0", "pie_data": [["Oczekujące",0],["Aktywowane",0],["Pobierane",0],["Pobrane",0],["Wysłane",0],["Anulowane",0]]}
18 Dec 2014 16:17:24; {"title": "18 Dec 2014 4:17 PM Razem 0", "pie_data": [["Oczekujące",0],["Aktywowane",0],["Pobierane",0],["Pobrane",0],["Wysłane",0],["Anulowane",0]]}
18 Dec 2014 16:17:24; PushPieComplete: OK Tile's data pushed successfully.

18 Dec 2014 16:17:24; [{"label": "0 (0 %)", "text": "Oczekujące", "description": ""},{"label": "0 (0 %)", "text": "Aktywowane", "description": ""},{"label": "0 (0 %)", "text": "Pobierane", "description": ""},{"label": "0 (0 %)", "text": "Pobrane", "description": ""},{"label": "0 (0 %)", "text": "Wysłane", "description": ""},{"label": "0 (0 %)", "text": "Anulowane", "description": ""}]
18 Dec 2014 16:17:24; PushPieComplete: OK Tile's data pushed successfully.

18 Dec 2014 16:17:24; [{"label": "0 (0 %)", "text": "Oczekujące", "description": ""},{"label": "0 (0 %)", "text": "Aktywowane", "description": ""},{"label": "0 (0 %)", "text": "Pobierane", "description": ""},{"label": "0 (0 %)", "text": "Pobrane", "description": ""},{"label": "0 (0 %)", "text": "Wysłane", "description": ""},{"label": "0 (0 %)", "text": "Anulowane", "description": ""}]
18 Dec 2014 16:17:24; FancyConfigComplete: OK Tile's config updated.

18 Dec 2014 16:17:24; FancyConfigComplete: OK Tile's config updated.

18 Dec 2014 16:17:24; PushFancyComplete: OK Tile's data pushed successfully.

18 Dec 2014 16:17:24; PushFancyComplete: OK Tile's data pushed successfully.

18 Dec 2014 16:19:55; {"title": "18 Dec 2014 4:19 PM Razem 0", "pie_data": [["Oczekujące",0],["Aktywowane",0],["Pobierane",0],["Pobrane",0],["Wysłane",0],["Anulowane",0]]}
18 Dec 2014 16:19:55; PushPieComplete: OK Tile's data pushed successfully.

18 Dec 2014 16:19:55; [{"label": "0 (0 %)", "text": "Oczekujące", "description": ""},{"label": "0 (0 %)", "text": "Aktywowane", "description": ""},{"label": "0 (0 %)", "text": "Pobierane", "description": ""},{"label": "0 (0 %)", "text": "Pobrane", "description": ""},{"label": "0 (0 %)", "text": "Wysłane", "description": ""},{"label": "0 (0 %)", "text": "Anulowane", "description": ""}]
18 Dec 2014 16:19:55; FancyConfigComplete: OK Tile's config updated.

18 Dec 2014 16:19:55; PushFancyComplete: OK Tile's data pushed successfully.

18 Dec 2014 16:20:05; {"title": "18 Dec 2014 4:20 PM Razem 0", "pie_data": [["Oczekujące",0],["Aktywowane",0],["Pobierane",0],["Pobrane",0],["Wysłane",0],["Anulowane",0]]}
18 Dec 2014 16:20:10; PushPieComplete: OK Tile's data pushed successfully.

18 Dec 2014 16:20:10; [{"label": "0 (0 %)", "text": "Oczekujące", "description": ""},{"label": "0 (0 %)", "text": "Aktywowane", "description": ""},{"label": "0 (0 %)", "text": "Pobierane", "description": ""},{"label": "0 (0 %)", "text": "Pobrane", "description": ""},{"label": "0 (0 %)", "text": "Wysłane", "description": ""},{"label": "0 (0 %)", "text": "Anulowane", "description": ""}]
18 Dec 2014 16:20:11; FancyConfigComplete: OK Tile's config updated.

18 Dec 2014 16:20:15; {"title": "18 Dec 2014 4:20 PM Razem 0", "pie_data": [["Oczekujące",0],["Aktywowane",0],["Pobierane",0],["Pobrane",0],["Wysłane",0],["Anulowane",0]]}
18 Dec 2014 16:20:18; PushFancyComplete: OK Tile's data pushed successfully.

18 Dec 2014 16:20:18; PushPieComplete: OK Tile's data pushed successfully.

18 Dec 2014 16:20:18; [{"label": "0 (0 %)", "text": "Oczekujące", "description": ""},{"label": "0 (0 %)", "text": "Aktywowane", "description": ""},{"label": "0 (0 %)", "text": "Pobierane", "description": ""},{"label": "0 (0 %)", "text": "Pobrane", "description": ""},{"label": "0 (0 %)", "text": "Wysłane", "description": ""},{"label": "0 (0 %)", "text": "Anulowane", "description": ""}]
18 Dec 2014 16:20:18; FancyConfigComplete: OK Tile's config updated.

18 Dec 2014 16:20:19; PushFancyComplete: OK Tile's data pushed successfully.

18 Dec 2014 20:56:05; {"title": "18 Dec 2014 8:56 PM Razem 0", "pie_data": [["Oczekujące",0],["Aktywowane",0],["Pobierane",0],["Pobrane",0],["Wysłane",0],["Anulowane",0]]}
18 Dec 2014 20:56:06; PushPieComplete: OK Tile's data pushed successfully.

18 Dec 2014 20:56:07; [{"label": "0 (0 %)", "text": "Oczekujące", "description": ""},{"label": "0 (0 %)", "text": "Aktywowane", "description": ""},{"label": "0 (0 %)", "text": "Pobierane", "description": ""},{"label": "0 (0 %)", "text": "Pobrane", "description": ""},{"label": "0 (0 %)", "text": "Wysłane", "description": ""},{"label": "0 (0 %)", "text": "Anulowane", "description": ""}]
18 Dec 2014 20:56:07; FancyConfigComplete: OK Tile's config updated.

18 Dec 2014 20:56:07; PushFancyComplete: OK Tile's data pushed successfully.

18 Dec 2014 20:56:14; {"title": "18 Dec 2014 8:56 PM Razem 0", "pie_data": [["Oczekujące",0],["Aktywowane",0],["Pobierane",0],["Pobrane",0],["Wysłane",0],["Anulowane",0]]}
18 Dec 2014 20:56:14; PushPieComplete: OK Tile's data pushed successfully.

18 Dec 2014 20:56:14; [{"label": "0 (0 %)", "text": "Oczekujące", "description": ""},{"label": "0 (0 %)", "text": "Aktywowane", "description": ""},{"label": "0 (0 %)", "text": "Pobierane", "description": ""},{"label": "0 (0 %)", "text": "Pobrane", "description": ""},{"label": "0 (0 %)", "text": "Wysłane", "description": ""},{"label": "0 (0 %)", "text": "Anulowane", "description": ""}]
18 Dec 2014 20:56:14; FancyConfigComplete: OK Tile's config updated.

18 Dec 2014 20:56:14; PushFancyComplete: OK Tile's data pushed successfully.

18 Dec 2014 20:56:24; {"title": "18 Dec 2014 8:56 PM Razem 0", "pie_data": [["Oczekujące",0],["Aktywowane",0],["Pobierane",0],["Pobrane",0],["Wysłane",0],["Anulowane",0]]}
18 Dec 2014 20:56:24; PushPieComplete: OK Tile's data pushed successfully.

18 Dec 2014 20:56:24; [{"label": "0 (0 %)", "text": "Oczekujące", "description": ""},{"label": "0 (0 %)", "text": "Aktywowane", "description": ""},{"label": "0 (0 %)", "text": "Pobierane", "description": ""},{"label": "0 (0 %)", "text": "Pobrane", "description": ""},{"label": "0 (0 %)", "text": "Wysłane", "description": ""},{"label": "0 (0 %)", "text": "Anulowane", "description": ""}]
18 Dec 2014 20:56:24; FancyConfigComplete: OK Tile's config updated.

18 Dec 2014 20:56:24; PushFancyComplete: OK Tile's data pushed successfully.

18 Dec 2014 20:56:34; {"title": "18 Dec 2014 8:56 PM Razem 0", "pie_data": [["Oczekujące",0],["Aktywowane",0],["Pobierane",0],["Pobrane",0],["Wysłane",0],["Anulowane",0]]}
18 Dec 2014 20:56:34; PushPieComplete: OK Tile's data pushed successfully.

18 Dec 2014 20:56:34; [{"label": "0 (0 %)", "text": "Oczekujące", "description": ""},{"label": "0 (0 %)", "text": "Aktywowane", "description": ""},{"label": "0 (0 %)", "text": "Pobierane", "description": ""},{"label": "0 (0 %)", "text": "Pobrane", "description": ""},{"label": "0 (0 %)", "text": "Wysłane", "description": ""},{"label": "0 (0 %)", "text": "Anulowane", "description": ""}]
18 Dec 2014 20:56:34; FancyConfigComplete: OK Tile's config updated.

18 Dec 2014 20:56:34; PushFancyComplete: OK Tile's data pushed successfully.

18 Dec 2014 20:56:44; {"title": "18 Dec 2014 8:56 PM Razem 0", "pie_data": [["Oczekujące",0],["Aktywowane",0],["Pobierane",0],["Pobrane",0],["Wysłane",0],["Anulowane",0]]}
18 Dec 2014 20:56:44; PushPieComplete: OK Tile's data pushed successfully.

18 Dec 2014 20:56:44; [{"label": "0 (0 %)", "text": "Oczekujące", "description": ""},{"label": "0 (0 %)", "text": "Aktywowane", "description": ""},{"label": "0 (0 %)", "text": "Pobierane", "description": ""},{"label": "0 (0 %)", "text": "Pobrane", "description": ""},{"label": "0 (0 %)", "text": "Wysłane", "description": ""},{"label": "0 (0 %)", "text": "Anulowane", "description": ""}]
18 Dec 2014 20:56:44; FancyConfigComplete: OK Tile's config updated.

18 Dec 2014 20:56:44; PushFancyComplete: OK Tile's data pushed successfully.

18 Dec 2014 20:56:54; {"title": "18 Dec 2014 8:56 PM Razem 0", "pie_data": [["Oczekujące",0],["Aktywowane",0],["Pobierane",0],["Pobrane",0],["Wysłane",0],["Anulowane",0]]}
18 Dec 2014 20:56:54; PushPieComplete: OK Tile's data pushed successfully.

18 Dec 2014 20:56:54; [{"label": "0 (0 %)", "text": "Oczekujące", "description": ""},{"label": "0 (0 %)", "text": "Aktywowane", "description": ""},{"label": "0 (0 %)", "text": "Pobierane", "description": ""},{"label": "0 (0 %)", "text": "Pobrane", "description": ""},{"label": "0 (0 %)", "text": "Wysłane", "description": ""},{"label": "0 (0 %)", "text": "Anulowane", "description": ""}]
18 Dec 2014 20:56:54; FancyConfigComplete: OK Tile's config updated.

18 Dec 2014 20:56:54; PushFancyComplete: OK Tile's data pushed successfully.

18 Dec 2014 20:57:04; {"title": "18 Dec 2014 8:57 PM Razem 0", "pie_data": [["Oczekujące",0],["Aktywowane",0],["Pobierane",0],["Pobrane",0],["Wysłane",0],["Anulowane",0]]}
18 Dec 2014 20:57:05; PushPieComplete: OK Tile's data pushed successfully.

18 Dec 2014 20:57:05; [{"label": "0 (0 %)", "text": "Oczekujące", "description": ""},{"label": "0 (0 %)", "text": "Aktywowane", "description": ""},{"label": "0 (0 %)", "text": "Pobierane", "description": ""},{"label": "0 (0 %)", "text": "Pobrane", "description": ""},{"label": "0 (0 %)", "text": "Wysłane", "description": ""},{"label": "0 (0 %)", "text": "Anulowane", "description": ""}]
18 Dec 2014 20:57:07; FancyConfigComplete: OK Tile's config updated.

18 Dec 2014 20:57:07; PushFancyComplete: OK Tile's data pushed successfully.

18 Dec 2014 20:57:14; {"title": "18 Dec 2014 8:57 PM Razem 0", "pie_data": [["Oczekujące",0],["Aktywowane",0],["Pobierane",0],["Pobrane",0],["Wysłane",0],["Anulowane",0]]}
18 Dec 2014 20:57:14; PushPieComplete: OK Tile's data pushed successfully.

18 Dec 2014 20:57:14; [{"label": "0 (0 %)", "text": "Oczekujące", "description": ""},{"label": "0 (0 %)", "text": "Aktywowane", "description": ""},{"label": "0 (0 %)", "text": "Pobierane", "description": ""},{"label": "0 (0 %)", "text": "Pobrane", "description": ""},{"label": "0 (0 %)", "text": "Wysłane", "description": ""},{"label": "0 (0 %)", "text": "Anulowane", "description": ""}]
18 Dec 2014 20:57:14; FancyConfigComplete: OK Tile's config updated.

18 Dec 2014 20:57:14; PushFancyComplete: OK Tile's data pushed successfully.

18 Dec 2014 20:57:24; {"title": "18 Dec 2014 8:57 PM Razem 0", "pie_data": [["Oczekujące",0],["Aktywowane",0],["Pobierane",0],["Pobrane",0],["Wysłane",0],["Anulowane",0]]}
18 Dec 2014 20:57:24; PushPieComplete: OK Tile's data pushed successfully.

18 Dec 2014 20:57:24; [{"label": "0 (0 %)", "text": "Oczekujące", "description": ""},{"label": "0 (0 %)", "text": "Aktywowane", "description": ""},{"label": "0 (0 %)", "text": "Pobierane", "description": ""},{"label": "0 (0 %)", "text": "Pobrane", "description": ""},{"label": "0 (0 %)", "text": "Wysłane", "description": ""},{"label": "0 (0 %)", "text": "Anulowane", "description": ""}]
18 Dec 2014 20:57:24; FancyConfigComplete: OK Tile's config updated.

18 Dec 2014 20:57:24; PushFancyComplete: OK Tile's data pushed successfully.

18 Dec 2014 20:57:34; {"title": "18 Dec 2014 8:57 PM Razem 0", "pie_data": [["Oczekujące",0],["Aktywowane",0],["Pobierane",0],["Pobrane",0],["Wysłane",0],["Anulowane",0]]}
18 Dec 2014 20:57:34; PushPieComplete: OK Tile's data pushed successfully.

18 Dec 2014 20:57:34; [{"label": "0 (0 %)", "text": "Oczekujące", "description": ""},{"label": "0 (0 %)", "text": "Aktywowane", "description": ""},{"label": "0 (0 %)", "text": "Pobierane", "description": ""},{"label": "0 (0 %)", "text": "Pobrane", "description": ""},{"label": "0 (0 %)", "text": "Wysłane", "description": ""},{"label": "0 (0 %)", "text": "Anulowane", "description": ""}]
18 Dec 2014 20:57:34; FancyConfigComplete: OK Tile's config updated.

18 Dec 2014 20:57:34; PushFancyComplete: OK Tile's data pushed successfully.

18 Dec 2014 20:57:44; {"title": "18 Dec 2014 8:57 PM Razem 0", "pie_data": [["Oczekujące",0],["Aktywowane",0],["Pobierane",0],["Pobrane",0],["Wysłane",0],["Anulowane",0]]}
18 Dec 2014 20:57:44; PushPieComplete: OK Tile's data pushed successfully.

18 Dec 2014 20:57:44; [{"label": "0 (0 %)", "text": "Oczekujące", "description": ""},{"label": "0 (0 %)", "text": "Aktywowane", "description": ""},{"label": "0 (0 %)", "text": "Pobierane", "description": ""},{"label": "0 (0 %)", "text": "Pobrane", "description": ""},{"label": "0 (0 %)", "text": "Wysłane", "description": ""},{"label": "0 (0 %)", "text": "Anulowane", "description": ""}]
18 Dec 2014 20:57:44; FancyConfigComplete: OK Tile's config updated.

18 Dec 2014 20:57:44; PushFancyComplete: OK Tile's data pushed successfully.

18 Dec 2014 20:57:54; {"title": "18 Dec 2014 8:57 PM Razem 0", "pie_data": [["Oczekujące",0],["Aktywowane",0],["Pobierane",0],["Pobrane",0],["Wysłane",0],["Anulowane",0]]}
18 Dec 2014 20:57:54; PushPieComplete: OK Tile's data pushed successfully.

18 Dec 2014 20:57:54; [{"label": "0 (0 %)", "text": "Oczekujące", "description": ""},{"label": "0 (0 %)", "text": "Aktywowane", "description": ""},{"label": "0 (0 %)", "text": "Pobierane", "description": ""},{"label": "0 (0 %)", "text": "Pobrane", "description": ""},{"label": "0 (0 %)", "text": "Wysłane", "description": ""},{"label": "0 (0 %)", "text": "Anulowane", "description": ""}]
18 Dec 2014 20:57:54; FancyConfigComplete: OK Tile's config updated.

18 Dec 2014 20:57:54; PushFancyComplete: OK Tile's data pushed successfully.

18 Dec 2014 20:58:04; {"title": "18 Dec 2014 8:58 PM Razem 0", "pie_data": [["Oczekujące",0],["Aktywowane",0],["Pobierane",0],["Pobrane",0],["Wysłane",0],["Anulowane",0]]}
18 Dec 2014 20:58:05; PushPieComplete: OK Tile's data pushed successfully.

18 Dec 2014 20:58:05; [{"label": "0 (0 %)", "text": "Oczekujące", "description": ""},{"label": "0 (0 %)", "text": "Aktywowane", "description": ""},{"label": "0 (0 %)", "text": "Pobierane", "description": ""},{"label": "0 (0 %)", "text": "Pobrane", "description": ""},{"label": "0 (0 %)", "text": "Wysłane", "description": ""},{"label": "0 (0 %)", "text": "Anulowane", "description": ""}]
18 Dec 2014 20:58:05; FancyConfigComplete: OK Tile's config updated.

18 Dec 2014 20:58:05; PushFancyComplete: OK Tile's data pushed successfully.

18 Dec 2014 20:58:14; {"title": "18 Dec 2014 8:58 PM Razem 0", "pie_data": [["Oczekujące",0],["Aktywowane",0],["Pobierane",0],["Pobrane",0],["Wysłane",0],["Anulowane",0]]}
18 Dec 2014 20:58:14; PushPieComplete: OK Tile's data pushed successfully.

18 Dec 2014 20:58:14; [{"label": "0 (0 %)", "text": "Oczekujące", "description": ""},{"label": "0 (0 %)", "text": "Aktywowane", "description": ""},{"label": "0 (0 %)", "text": "Pobierane", "description": ""},{"label": "0 (0 %)", "text": "Pobrane", "description": ""},{"label": "0 (0 %)", "text": "Wysłane", "description": ""},{"label": "0 (0 %)", "text": "Anulowane", "description": ""}]
18 Dec 2014 20:58:14; FancyConfigComplete: OK Tile's config updated.

18 Dec 2014 20:58:14; PushFancyComplete: OK Tile's data pushed successfully.

18 Dec 2014 20:58:24; {"title": "18 Dec 2014 8:58 PM Razem 0", "pie_data": [["Oczekujące",0],["Aktywowane",0],["Pobierane",0],["Pobrane",0],["Wysłane",0],["Anulowane",0]]}
18 Dec 2014 20:58:24; PushPieComplete: OK Tile's data pushed successfully.

18 Dec 2014 20:58:24; [{"label": "0 (0 %)", "text": "Oczekujące", "description": ""},{"label": "0 (0 %)", "text": "Aktywowane", "description": ""},{"label": "0 (0 %)", "text": "Pobierane", "description": ""},{"label": "0 (0 %)", "text": "Pobrane", "description": ""},{"label": "0 (0 %)", "text": "Wysłane", "description": ""},{"label": "0 (0 %)", "text": "Anulowane", "description": ""}]
18 Dec 2014 20:58:24; FancyConfigComplete: OK Tile's config updated.

18 Dec 2014 20:58:24; PushFancyComplete: OK Tile's data pushed successfully.

18 Dec 2014 20:58:34; {"title": "18 Dec 2014 8:58 PM Razem 0", "pie_data": [["Oczekujące",0],["Aktywowane",0],["Pobierane",0],["Pobrane",0],["Wysłane",0],["Anulowane",0]]}
18 Dec 2014 20:58:34; PushPieComplete: OK Tile's data pushed successfully.

18 Dec 2014 20:58:34; [{"label": "0 (0 %)", "text": "Oczekujące", "description": ""},{"label": "0 (0 %)", "text": "Aktywowane", "description": ""},{"label": "0 (0 %)", "text": "Pobierane", "description": ""},{"label": "0 (0 %)", "text": "Pobrane", "description": ""},{"label": "0 (0 %)", "text": "Wysłane", "description": ""},{"label": "0 (0 %)", "text": "Anulowane", "description": ""}]
18 Dec 2014 20:58:34; FancyConfigComplete: OK Tile's config updated.

18 Dec 2014 20:58:34; PushFancyComplete: OK Tile's data pushed successfully.

18 Dec 2014 20:58:44; {"title": "18 Dec 2014 8:58 PM Razem 0", "pie_data": [["Oczekujące",0],["Aktywowane",0],["Pobierane",0],["Pobrane",0],["Wysłane",0],["Anulowane",0]]}
18 Dec 2014 20:58:44; PushPieComplete: OK Tile's data pushed successfully.

18 Dec 2014 20:58:44; [{"label": "0 (0 %)", "text": "Oczekujące", "description": ""},{"label": "0 (0 %)", "text": "Aktywowane", "description": ""},{"label": "0 (0 %)", "text": "Pobierane", "description": ""},{"label": "0 (0 %)", "text": "Pobrane", "description": ""},{"label": "0 (0 %)", "text": "Wysłane", "description": ""},{"label": "0 (0 %)", "text": "Anulowane", "description": ""}]
18 Dec 2014 20:58:44; FancyConfigComplete: OK Tile's config updated.

18 Dec 2014 20:58:44; PushFancyComplete: OK Tile's data pushed successfully.

18 Dec 2014 22:00:34; {"title": "18 Dec 2014 10:00 PM Razem 0", "pie_data": [["Oczekujące",0],["Aktywowane",0],["Pobierane",0],["Pobrane",0],["Wysłane",0],["Anulowane",0]]}
18 Dec 2014 22:00:44; {"title": "18 Dec 2014 10:00 PM Razem 0", "pie_data": [["Oczekujące",0],["Aktywowane",0],["Pobierane",0],["Pobrane",0],["Wysłane",0],["Anulowane",0]]}
18 Dec 2014 22:00:53; PushPieComplete: InternalServerError The operation has timed out
18 Dec 2014 22:00:53; PushPieComplete: OK Tile's data pushed successfully.

18 Dec 2014 22:00:53; [{"label": "0 (0 %)", "text": "Oczekujące", "description": ""},{"label": "0 (0 %)", "text": "Aktywowane", "description": ""},{"label": "0 (0 %)", "text": "Pobierane", "description": ""},{"label": "0 (0 %)", "text": "Pobrane", "description": ""},{"label": "0 (0 %)", "text": "Wysłane", "description": ""},{"label": "0 (0 %)", "text": "Anulowane", "description": ""}]
18 Dec 2014 22:00:53; FancyConfigComplete: OK Tile's config updated.

18 Dec 2014 22:00:56; PushFancyComplete: OK Tile's data pushed successfully.

18 Dec 2014 22:00:57; {"title": "18 Dec 2014 10:00 PM Razem 0", "pie_data": [["Oczekujące",0],["Aktywowane",0],["Pobierane",0],["Pobrane",0],["Wysłane",0],["Anulowane",0]]}
18 Dec 2014 22:01:09; {"title": "18 Dec 2014 10:01 PM Razem 0", "pie_data": [["Oczekujące",0],["Aktywowane",0],["Pobierane",0],["Pobrane",0],["Wysłane",0],["Anulowane",0]]}
18 Dec 2014 22:01:11; FancyConfigComplete: OK Tile's config updated.

18 Dec 2014 22:01:12; PushFancyComplete: OK Tile's data pushed successfully.

18 Dec 2014 22:01:13; [{"label": "0 (0 %)", "text": "Oczekujące", "description": ""},{"label": "0 (0 %)", "text": "Aktywowane", "description": ""},{"label": "0 (0 %)", "text": "Pobierane", "description": ""},{"label": "0 (0 %)", "text": "Pobrane", "description": ""},{"label": "0 (0 %)", "text": "Wysłane", "description": ""},{"label": "0 (0 %)", "text": "Anulowane", "description": ""}]
18 Dec 2014 22:01:13; FancyConfigComplete: OK Tile's config updated.

18 Dec 2014 22:01:13; FancyConfigComplete: OK Tile's config updated.

18 Dec 2014 22:01:14; PushFancyComplete: OK Tile's data pushed successfully.

18 Dec 2014 22:01:14; PushFancyComplete: OK Tile's data pushed successfully.

18 Dec 2014 22:33:34; {"title": "18 Dec 2014 10:33 PM Razem 0", "pie_data": [["Oczekujące",0],["Aktywowane",0],["Pobierane",0],["Pobrane",0],["Wysłane",0],["Anulowane",0]]}
18 Dec 2014 22:34:16; PushPieComplete: InternalServerError The operation has timed out
18 Dec 2014 22:34:16; [{"label": "0 (0 %)", "text": "Oczekujące", "description": ""},{"label": "0 (0 %)", "text": "Aktywowane", "description": ""},{"label": "0 (0 %)", "text": "Pobierane", "description": ""},{"label": "0 (0 %)", "text": "Pobrane", "description": ""},{"label": "0 (0 %)", "text": "Wysłane", "description": ""},{"label": "0 (0 %)", "text": "Anulowane", "description": ""}]
18 Dec 2014 22:35:19; FancyConfigComplete: InternalServerError The operation has timed out
18 Dec 2014 22:36:00; {"title": "18 Dec 2014 10:36 PM Razem 0", "pie_data": [["Oczekujące",0],["Aktywowane",0],["Pobierane",0],["Pobrane",0],["Wysłane",0],["Anulowane",0]]}
18 Dec 2014 22:36:43; PushPieComplete: InternalServerError The operation has timed out
18 Dec 2014 22:36:43; [{"label": "0 (0 %)", "text": "Oczekujące", "description": ""},{"label": "0 (0 %)", "text": "Aktywowane", "description": ""},{"label": "0 (0 %)", "text": "Pobierane", "description": ""},{"label": "0 (0 %)", "text": "Pobrane", "description": ""},{"label": "0 (0 %)", "text": "Wysłane", "description": ""},{"label": "0 (0 %)", "text": "Anulowane", "description": ""}]
18 Dec 2014 22:37:08; FancyConfigComplete: InternalServerError The operation has timed out
18 Dec 2014 22:39:24; {"title": "18 Dec 2014 10:39 PM Razem 0", "pie_data": [["Oczekujące",0],["Aktywowane",0],["Pobierane",0],["Pobrane",0],["Wysłane",0],["Anulowane",0]]}
18 Dec 2014 22:55:22; {"title": "18 Dec 2014 10:55 PM Razem 0", "pie_data": [["Oczekujące",0],["Aktywowane",0],["Pobierane",0],["Pobrane",0],["Wysłane",0],["Anulowane",0]]}
18 Dec 2014 22:59:11; {"title": "18 Dec 2014 10:59 PM Razem 0", "pie_data": [["Oczekujące",0],["Aktywowane",0],["Pobierane",0],["Pobrane",0],["Wysłane",0],["Anulowane",0]]}
18 Dec 2014 23:00:09; PushPieComplete: BadRequest The operation has timed out
18 Dec 2014 23:00:19; [{"label": "0 (0 %)", "text": "Oczekujące", "description": ""},{"label": "0 (0 %)", "text": "Aktywowane", "description": ""},{"label": "0 (0 %)", "text": "Pobierane", "description": ""},{"label": "0 (0 %)", "text": "Pobrane", "description": ""},{"label": "0 (0 %)", "text": "Wysłane", "description": ""},{"label": "0 (0 %)", "text": "Anulowane", "description": ""}]
18 Dec 2014 23:01:18; FancyConfigComplete: BadRequest The operation has timed out
18 Dec 2014 23:06:16; {"title": "18 Dec 2014 11:06 PM Razem 0", "pie_data": [["Oczekujące",0],["Aktywowane",0],["Pobierane",0],["Pobrane",0],["Wysłane",0],["Anulowane",0]]}
18 Dec 2014 23:06:16; PushPieComplete: OK Tile's data pushed successfully.

18 Dec 2014 23:06:16; [{"label": "0 (0 %)", "text": "Oczekujące", "description": ""},{"label": "0 (0 %)", "text": "Aktywowane", "description": ""},{"label": "0 (0 %)", "text": "Pobierane", "description": ""},{"label": "0 (0 %)", "text": "Pobrane", "description": ""},{"label": "0 (0 %)", "text": "Wysłane", "description": ""},{"label": "0 (0 %)", "text": "Anulowane", "description": ""}]
18 Dec 2014 23:06:16; FancyConfigComplete: OK Tile's config updated.

18 Dec 2014 23:06:16; PushFancyComplete: OK Tile's data pushed successfully.

18 Dec 2014 23:26:09; {"title": "18 Dec 2014 11:26 PM Razem 0", "pie_data": [["Oczekujące",0],["Aktywowane",0],["Pobierane",0],["Pobrane",0],["Wysłane",0],["Anulowane",0]]}
18 Dec 2014 23:26:09; PushPieComplete: OK Tile's data pushed successfully.

18 Dec 2014 23:26:09; [{"label": "0 (0 %)", "text": "Oczekujące", "description": ""},{"label": "0 (0 %)", "text": "Aktywowane", "description": ""},{"label": "0 (0 %)", "text": "Pobierane", "description": ""},{"label": "0 (0 %)", "text": "Pobrane", "description": ""},{"label": "0 (0 %)", "text": "Wysłane", "description": ""},{"label": "0 (0 %)", "text": "Anulowane", "description": ""}]
18 Dec 2014 23:26:09; FancyConfigComplete: OK Tile's config updated.

18 Dec 2014 23:26:09; PushFancyComplete: OK Tile's data pushed successfully.

18 Dec 2014 23:27:24; {"title": "18 Dec 2014 11:27 PM Razem 0", "pie_data": [["Oczekujące",0],["Aktywowane",0],["Pobierane",0],["Pobrane",0],["Wysłane",0],["Anulowane",0]]}
18 Dec 2014 23:27:24; PushPieComplete: OK Tile's data pushed successfully.

18 Dec 2014 23:27:24; [{"label": "0 (0 %)", "text": "Oczekujące", "description": ""},{"label": "0 (0 %)", "text": "Aktywowane", "description": ""},{"label": "0 (0 %)", "text": "Pobierane", "description": ""},{"label": "0 (0 %)", "text": "Pobrane", "description": ""},{"label": "0 (0 %)", "text": "Wysłane", "description": ""},{"label": "0 (0 %)", "text": "Anulowane", "description": ""}]
18 Dec 2014 23:27:24; FancyConfigComplete: OK Tile's config updated.

18 Dec 2014 23:27:24; PushFancyComplete: OK Tile's data pushed successfully.

18 Dec 2014 23:28:19; {"title": "18 Dec 2014 11:28 PM Razem 0", "pie_data": [["Oczekujące",0],["Aktywowane",0],["Pobierane",0],["Pobrane",0],["Wysłane",0],["Anulowane",0]]}
18 Dec 2014 23:28:19; PushPieComplete: OK Tile's data pushed successfully.

18 Dec 2014 23:28:19; [{"label": "0 (0 %)", "text": "Oczekujące", "description": ""},{"label": "0 (0 %)", "text": "Aktywowane", "description": ""},{"label": "0 (0 %)", "text": "Pobierane", "description": ""},{"label": "0 (0 %)", "text": "Pobrane", "description": ""},{"label": "0 (0 %)", "text": "Wysłane", "description": ""},{"label": "0 (0 %)", "text": "Anulowane", "description": ""}]
18 Dec 2014 23:28:19; FancyConfigComplete: OK Tile's config updated.

18 Dec 2014 23:28:19; PushFancyComplete: OK Tile's data pushed successfully.

18 Dec 2014 23:28:29; {"title": "18 Dec 2014 11:28 PM Razem 0", "pie_data": [["Oczekujące",0],["Aktywowane",0],["Pobierane",0],["Pobrane",0],["Wysłane",0],["Anulowane",0]]}
18 Dec 2014 23:28:29; PushPieComplete: OK Tile's data pushed successfully.

18 Dec 2014 23:28:29; [{"label": "0 (0 %)", "text": "Oczekujące", "description": ""},{"label": "0 (0 %)", "text": "Aktywowane", "description": ""},{"label": "0 (0 %)", "text": "Pobierane", "description": ""},{"label": "0 (0 %)", "text": "Pobrane", "description": ""},{"label": "0 (0 %)", "text": "Wysłane", "description": ""},{"label": "0 (0 %)", "text": "Anulowane", "description": ""}]
18 Dec 2014 23:28:29; FancyConfigComplete: OK Tile's config updated.

18 Dec 2014 23:28:29; PushFancyComplete: OK Tile's data pushed successfully.

18 Dec 2014 23:28:39; {"title": "18 Dec 2014 11:28 PM Razem 0", "pie_data": [["Oczekujące",0],["Aktywowane",0],["Pobierane",0],["Pobrane",0],["Wysłane",0],["Anulowane",0]]}
18 Dec 2014 23:28:39; PushPieComplete: OK Tile's data pushed successfully.

18 Dec 2014 23:28:39; [{"label": "0 (0 %)", "text": "Oczekujące", "description": ""},{"label": "0 (0 %)", "text": "Aktywowane", "description": ""},{"label": "0 (0 %)", "text": "Pobierane", "description": ""},{"label": "0 (0 %)", "text": "Pobrane", "description": ""},{"label": "0 (0 %)", "text": "Wysłane", "description": ""},{"label": "0 (0 %)", "text": "Anulowane", "description": ""}]
18 Dec 2014 23:28:39; FancyConfigComplete: OK Tile's config updated.

18 Dec 2014 23:28:39; PushFancyComplete: OK Tile's data pushed successfully.

18 Dec 2014 23:57:38; {"title": "18 Dec 2014 11:56 PM Razem 0", "pie_data": [["Oczekujące",0],["Aktywowane",0],["Pobierane",0],["Pobrane",0],["Wysłane",0],["Anulowane",0]]}
18 Dec 2014 23:57:38; PushPieComplete: OK Tile's data pushed successfully.

18 Dec 2014 23:57:38; [{"label": "0 (0 %)", "text": "Oczekujące", "description": ""},{"label": "0 (0 %)", "text": "Aktywowane", "description": ""},{"label": "0 (0 %)", "text": "Pobierane", "description": ""},{"label": "0 (0 %)", "text": "Pobrane", "description": ""},{"label": "0 (0 %)", "text": "Wysłane", "description": ""},{"label": "0 (0 %)", "text": "Anulowane", "description": ""}]
18 Dec 2014 23:57:38; FancyConfigComplete: OK Tile's config updated.

18 Dec 2014 23:57:38; PushFancyComplete: OK Tile's data pushed successfully.

